{"level":"info","msg":"Config Info: \u0026{127.0.0.1 8848 6e815bb4-25d0-4155-a1e0-6ec17a7ee600 nacos nacos api API_GROUP}","time":"2023-02-15T14:31:32+08:00"}
{"level":"debug","msg":"HERTZ: Method=GET    absolutePath=/debug/pprof/             --\u003e handlerName=github.com/hertz-contrib/pprof/adaptor.NewHertzHTTPHandler.func1 (num=1 handlers)","time":"2023-02-15T14:31:32+08:00"}
{"level":"debug","msg":"HERTZ: Method=GET    absolutePath=/debug/pprof/cmdline      --\u003e handlerName=github.com/hertz-contrib/pprof/adaptor.NewHertzHTTPHandler.func1 (num=1 handlers)","time":"2023-02-15T14:31:32+08:00"}
{"level":"debug","msg":"HERTZ: Method=GET    absolutePath=/debug/pprof/profile      --\u003e handlerName=github.com/hertz-contrib/pprof/adaptor.NewHertzHTTPHandler.func1 (num=1 handlers)","time":"2023-02-15T14:31:32+08:00"}
{"level":"debug","msg":"HERTZ: Method=POST   absolutePath=/debug/pprof/symbol       --\u003e handlerName=github.com/hertz-contrib/pprof/adaptor.NewHertzHTTPHandler.func1 (num=1 handlers)","time":"2023-02-15T14:31:32+08:00"}
{"level":"debug","msg":"HERTZ: Method=GET    absolutePath=/debug/pprof/symbol       --\u003e handlerName=github.com/hertz-contrib/pprof/adaptor.NewHertzHTTPHandler.func1 (num=1 handlers)","time":"2023-02-15T14:31:32+08:00"}
{"level":"debug","msg":"HERTZ: Method=GET    absolutePath=/debug/pprof/trace        --\u003e handlerName=github.com/hertz-contrib/pprof/adaptor.NewHertzHTTPHandler.func1 (num=1 handlers)","time":"2023-02-15T14:31:32+08:00"}
{"level":"debug","msg":"HERTZ: Method=GET    absolutePath=/debug/pprof/allocs       --\u003e handlerName=github.com/hertz-contrib/pprof/adaptor.NewHertzHTTPHandler.func1 (num=1 handlers)","time":"2023-02-15T14:31:32+08:00"}
{"level":"debug","msg":"HERTZ: Method=GET    absolutePath=/debug/pprof/block        --\u003e handlerName=github.com/hertz-contrib/pprof/adaptor.NewHertzHTTPHandler.func1 (num=1 handlers)","time":"2023-02-15T14:31:32+08:00"}
{"level":"debug","msg":"HERTZ: Method=GET    absolutePath=/debug/pprof/goroutine    --\u003e handlerName=github.com/hertz-contrib/pprof/adaptor.NewHertzHTTPHandler.func1 (num=1 handlers)","time":"2023-02-15T14:31:32+08:00"}
{"level":"debug","msg":"HERTZ: Method=GET    absolutePath=/debug/pprof/heap         --\u003e handlerName=github.com/hertz-contrib/pprof/adaptor.NewHertzHTTPHandler.func1 (num=1 handlers)","time":"2023-02-15T14:31:32+08:00"}
{"level":"debug","msg":"HERTZ: Method=GET    absolutePath=/debug/pprof/mutex        --\u003e handlerName=github.com/hertz-contrib/pprof/adaptor.NewHertzHTTPHandler.func1 (num=1 handlers)","time":"2023-02-15T14:31:32+08:00"}
{"level":"debug","msg":"HERTZ: Method=GET    absolutePath=/debug/pprof/threadcreate --\u003e handlerName=github.com/hertz-contrib/pprof/adaptor.NewHertzHTTPHandler.func1 (num=1 handlers)","time":"2023-02-15T14:31:32+08:00"}
{"level":"debug","msg":"HERTZ: Method=POST   absolutePath=/car                      --\u003e handlerName=github.com/jjeejj/Hertz-Kitex-Micro-Service-Template/server/cmd/api/biz/handler/api.CreateCar (num=7 handlers)","time":"2023-02-15T14:31:32+08:00"}
{"level":"debug","msg":"HERTZ: Method=GET    absolutePath=/car                      --\u003e handlerName=github.com/jjeejj/Hertz-Kitex-Micro-Service-Template/server/cmd/api/biz/handler/api.GetCar (num=7 handlers)","time":"2023-02-15T14:31:32+08:00"}
{"level":"debug","msg":"HERTZ: Method=GET    absolutePath=/cars                     --\u003e handlerName=github.com/jjeejj/Hertz-Kitex-Micro-Service-Template/server/cmd/api/biz/handler/api.GetCars (num=7 handlers)","time":"2023-02-15T14:31:32+08:00"}
{"level":"debug","msg":"HERTZ: Method=POST   absolutePath=/profile                  --\u003e handlerName=github.com/jjeejj/Hertz-Kitex-Micro-Service-Template/server/cmd/api/biz/handler/api.SubmitProfile (num=7 handlers)","time":"2023-02-15T14:31:32+08:00"}
{"level":"debug","msg":"HERTZ: Method=DELETE absolutePath=/profile                  --\u003e handlerName=github.com/jjeejj/Hertz-Kitex-Micro-Service-Template/server/cmd/api/biz/handler/api.ClearProfile (num=7 handlers)","time":"2023-02-15T14:31:32+08:00"}
{"level":"debug","msg":"HERTZ: Method=GET    absolutePath=/trips                    --\u003e handlerName=github.com/jjeejj/Hertz-Kitex-Micro-Service-Template/server/cmd/api/biz/handler/api.GetTrips (num=7 handlers)","time":"2023-02-15T14:31:32+08:00"}
{"level":"debug","msg":"HERTZ: Method=POST   absolutePath=/auth/avatar              --\u003e handlerName=github.com/jjeejj/Hertz-Kitex-Micro-Service-Template/server/cmd/api/biz/handler/api.UploadAvatar (num=7 handlers)","time":"2023-02-15T14:31:32+08:00"}
{"level":"debug","msg":"HERTZ: Method=GET    absolutePath=/auth/info                --\u003e handlerName=github.com/jjeejj/Hertz-Kitex-Micro-Service-Template/server/cmd/api/biz/handler/api.GetUserInfo (num=7 handlers)","time":"2023-02-15T14:31:32+08:00"}
{"level":"debug","msg":"HERTZ: Method=POST   absolutePath=/auth/info                --\u003e handlerName=github.com/jjeejj/Hertz-Kitex-Micro-Service-Template/server/cmd/api/biz/handler/api.UpdateUserInfo (num=7 handlers)","time":"2023-02-15T14:31:32+08:00"}
{"level":"debug","msg":"HERTZ: Method=POST   absolutePath=/auth/login               --\u003e handlerName=github.com/jjeejj/Hertz-Kitex-Micro-Service-Template/server/cmd/api/biz/handler/api.Login (num=5 handlers)","time":"2023-02-15T14:31:32+08:00"}
{"level":"debug","msg":"HERTZ: Method=GET    absolutePath=/profile                  --\u003e handlerName=github.com/jjeejj/Hertz-Kitex-Micro-Service-Template/server/cmd/api/biz/handler/api.GetProfile (num=7 handlers)","time":"2023-02-15T14:31:32+08:00"}
{"level":"debug","msg":"HERTZ: Method=POST   absolutePath=/profile/photo            --\u003e handlerName=github.com/jjeejj/Hertz-Kitex-Micro-Service-Template/server/cmd/api/biz/handler/api.CreateProfilePhoto (num=7 handlers)","time":"2023-02-15T14:31:32+08:00"}
{"level":"debug","msg":"HERTZ: Method=DELETE absolutePath=/profile/photo            --\u003e handlerName=github.com/jjeejj/Hertz-Kitex-Micro-Service-Template/server/cmd/api/biz/handler/api.ClearProfilePhoto (num=7 handlers)","time":"2023-02-15T14:31:32+08:00"}
{"level":"debug","msg":"HERTZ: Method=GET    absolutePath=/profile/photo            --\u003e handlerName=github.com/jjeejj/Hertz-Kitex-Micro-Service-Template/server/cmd/api/biz/handler/api.GetProfilePhoto (num=9 handlers)","time":"2023-02-15T14:31:32+08:00"}
{"level":"debug","msg":"HERTZ: Method=POST   absolutePath=/profile/photo/complete   --\u003e handlerName=github.com/jjeejj/Hertz-Kitex-Micro-Service-Template/server/cmd/api/biz/handler/api.CompleteProfilePhoto (num=9 handlers)","time":"2023-02-15T14:31:32+08:00"}
{"level":"debug","msg":"HERTZ: Method=POST   absolutePath=/trip                     --\u003e handlerName=github.com/jjeejj/Hertz-Kitex-Micro-Service-Template/server/cmd/api/biz/handler/api.CreateTrip (num=7 handlers)","time":"2023-02-15T14:31:32+08:00"}
{"level":"debug","msg":"HERTZ: Method=GET    absolutePath=/trip/:id                 --\u003e handlerName=github.com/jjeejj/Hertz-Kitex-Micro-Service-Template/server/cmd/api/biz/handler/api.GetTrip (num=9 handlers)","time":"2023-02-15T14:31:32+08:00"}
{"level":"debug","msg":"HERTZ: Method=PUT    absolutePath=/trip/:id                 --\u003e handlerName=github.com/jjeejj/Hertz-Kitex-Micro-Service-Template/server/cmd/api/biz/handler/api.UpdateTrip (num=9 handlers)","time":"2023-02-15T14:31:32+08:00"}
{"level":"debug","msg":"HERTZ: Method=GET    absolutePath=/ping                     --\u003e handlerName=github.com/jjeejj/Hertz-Kitex-Micro-Service-Template/server/cmd/api/biz/handler.Ping (num=2 handlers)","time":"2023-02-15T14:31:32+08:00"}
{"level":"info","msg":"HERTZ: Using network library=netpoll","time":"2023-02-15T14:31:32+08:00"}
{"level":"info","msg":"HERTZ: HTTP server listening on address=[::]:8840","time":"2023-02-15T14:31:32+08:00"}
{"level":"info","msg":"HERTZ: register instance success","time":"2023-02-15T14:31:33+08:00"}
{"level":"info","msg":"HERTZ: Received signal: interrupt\n","time":"2023-02-15T14:31:35+08:00"}
{"level":"info","msg":"HERTZ: Begin graceful shutdown, wait at most num=5 seconds...","time":"2023-02-15T14:31:35+08:00"}
{"level":"info","msg":"HERTZ: deregister instance success","time":"2023-02-15T14:31:35+08:00"}
{"level":"info","msg":"HERTZ: Execute OnShutdownHooks finish","time":"2023-02-15T14:31:35+08:00"}
